<?xml version="1.0" encoding="UTF-8"?>
<testsuite xmlns:xsi="http://www.w3.org/2001/XMLSchema-instance" xsi:noNamespaceSchemaLocation="https://maven.apache.org/surefire/maven-surefire-plugin/xsd/surefire-test-report-3.0.xsd" version="3.0" name="com.prolifics.mfa.util.PasswordUtilTest" time="14.539" tests="16" errors="0" skipped="0" failures="0">
  <properties>
[...]
</properties>
  <testcase name="testSpecialCharacters" classname="com.prolifics.mfa.util.PasswordUtilTest" time="1.75"/>
  <testcase name="testUnicodePassword" classname="com.prolifics.mfa.util.PasswordUtilTest" time="1.35"/>
  <testcase name="testLongPassword" classname="com.prolifics.mfa.util.PasswordUtilTest" time="1.303"/>
  <testcase name="testCaseSensitivity" classname="com.prolifics.mfa.util.PasswordUtilTest" time="1.672"/>
  <testcase name="testEmptyPassword" classname="com.prolifics.mfa.util.PasswordUtilTest" time="0.788"/>
  <testcase name="testHashPassword" classname="com.prolifics.mfa.util.PasswordUtilTest" time="0.393"/>
  <testcase name="testHashNullPassword" classname="com.prolifics.mfa.util.PasswordUtilTest" time="0.002"/>
  <testcase name="testVerifyInvalidHash" classname="com.prolifics.mfa.util.PasswordUtilTest" time="0.001"/>
  <testcase name="testVerifyPasswordSuccess" classname="com.prolifics.mfa.util.PasswordUtilTest" time="1.379"/>
  <testcase name="testWhitespacePassword" classname="com.prolifics.mfa.util.PasswordUtilTest" time="1.875"/>
  <testcase name="testVerifyPasswordFailure" classname="com.prolifics.mfa.util.PasswordUtilTest" time="0.794"/>
  <testcase name="testHashUniqueness" classname="com.prolifics.mfa.util.PasswordUtilTest" time="1.971"/>
  <testcase name="testVerifyNullPassword" classname="com.prolifics.mfa.util.PasswordUtilTest" time="0.388"/>
  <testcase name="testVerifyNullHash" classname="com.prolifics.mfa.util.PasswordUtilTest" time="0.002"/>
  <testcase name="testHashGeneratedPassword" classname="com.prolifics.mfa.util.PasswordUtilTest" time="0.848"/>
  <testcase name="testGenerateSecurePassword" classname="com.prolifics.mfa.util.PasswordUtilTest" time="0.002"/>
</testsuite>