<?xml version="1.0" encoding="UTF-8"?>
<testsuite xmlns:xsi="http://www.w3.org/2001/XMLSchema-instance" xsi:noNamespaceSchemaLocation="https://maven.apache.org/surefire/maven-surefire-plugin/xsd/surefire-test-report-3.0.xsd" version="3.0" name="com.prolifics.mfa.util.TOTPUtilTest" time="3.097" tests="21" errors="0" skipped="0" failures="0">
  <properties>
[...]
</properties>
  <testcase name="testValidateTOTPSuccess" classname="com.prolifics.mfa.util.TOTPUtilTest" time="0.05"/>
  <testcase name="testInvalidCodeFormat" classname="com.prolifics.mfa.util.TOTPUtilTest" time="0.001"/>
  <testcase name="testGenerateUniqueSecrets" classname="com.prolifics.mfa.util.TOTPUtilTest" time="0.001"/>
  <testcase name="testValidateTOTPFailure" classname="com.prolifics.mfa.util.TOTPUtilTest" time="0.001"/>
  <testcase name="testEmptyTOTPCode" classname="com.prolifics.mfa.util.TOTPUtilTest" time="0.001"/>
  <testcase name="testLeadingZeros" classname="com.prolifics.mfa.util.TOTPUtilTest" time="0.001"/>
  <testcase name="testConsistentCodeGeneration" classname="com.prolifics.mfa.util.TOTPUtilTest" time="0.001"/>
  <testcase name="testExpiredCode" classname="com.prolifics.mfa.util.TOTPUtilTest" time="0.001"/>
  <testcase name="testQRCodeURLWithSpecialCharacters" classname="com.prolifics.mfa.util.TOTPUtilTest" time="0.001"/>
  <testcase name="testInvalidBase32Secret" classname="com.prolifics.mfa.util.TOTPUtilTest" time="0"/>
  <testcase name="testTimeWindow" classname="com.prolifics.mfa.util.TOTPUtilTest" time="3.009"/>
  <testcase name="testQRCodeURLEncoding" classname="com.prolifics.mfa.util.TOTPUtilTest" time="0.001"/>
  <testcase name="testEmptySecret" classname="com.prolifics.mfa.util.TOTPUtilTest" time="0.002"/>
  <testcase name="testSecretCaseInsensitivity" classname="com.prolifics.mfa.util.TOTPUtilTest" time="0.002"/>
  <testcase name="testNullTOTPCode" classname="com.prolifics.mfa.util.TOTPUtilTest" time="0.003"/>
  <testcase name="testGenerateSecret" classname="com.prolifics.mfa.util.TOTPUtilTest" time="0.002"/>
  <testcase name="testNullSecret" classname="com.prolifics.mfa.util.TOTPUtilTest" time="0.002"/>
  <testcase name="testGetTOTPCode" classname="com.prolifics.mfa.util.TOTPUtilTest" time="0.001"/>
  <testcase name="testDifferentSecretsGenerateDifferentCodes" classname="com.prolifics.mfa.util.TOTPUtilTest" time="0.002"/>
  <testcase name="testWhitespaceInCode" classname="com.prolifics.mfa.util.TOTPUtilTest" time="0.002"/>
  <testcase name="testGenerateQRCodeURL" classname="com.prolifics.mfa.util.TOTPUtilTest" time="0.002"/>
</testsuite>