<?xml version="1.0" encoding="UTF-8"?>
<testsuite xmlns:xsi="http://www.w3.org/2001/XMLSchema-instance" xsi:noNamespaceSchemaLocation="https://maven.apache.org/surefire/maven-surefire-plugin/xsd/surefire-test-report-3.0.xsd" version="3.0" name="com.prolifics.mfa.util.AuditLoggerTest" time="0.261" tests="26" errors="0" skipped="0" failures="0">
  <properties>
[...]
</properties>
  <testcase name="testTimestampFormat" classname="com.prolifics.mfa.util.AuditLoggerTest" time="0.035">
    <system-out><![CDATA[[AUDIT] AuditLog{timestamp=2026-05-02T10:16:58.013882, username='john.smith', action='LOGIN_ATTEMPT', status='SUCCESS', ipAddress='192.168.1.100', details='Test'}
]]></system-out>
  </testcase>
  <testcase name="testConcurrentWrites" classname="com.prolifics.mfa.util.AuditLoggerTest" time="0.026">
    <system-out><![CDATA[[AUDIT] AuditLog{timestamp=2026-05-02T10:16:58.033489200, username='user0', action='ACTION', status='SUCCESS', ipAddress='192.168.1.0', details='Details 0'}
[AUDIT] AuditLog{timestamp=2026-05-02T10:16:58.037086700, username='user9', action='ACTION', status='SUCCESS', ipAddress='192.168.1.9', details='Details 9'}
[AUDIT] AuditLog{timestamp=2026-05-02T10:16:58.038545800, username='user8', action='ACTION', status='SUCCESS', ipAddress='192.168.1.8', details='Details 8'}
[AUDIT] AuditLog{timestamp=2026-05-02T10:16:58.040725500, username='user7', action='ACTION', status='SUCCESS', ipAddress='192.168.1.7', details='Details 7'}
[AUDIT] AuditLog{timestamp=2026-05-02T10:16:58.042137300, username='user6', action='ACTION', status='SUCCESS', ipAddress='192.168.1.6', details='Details 6'}
[AUDIT] AuditLog{timestamp=2026-05-02T10:16:58.044137800, username='user5', action='ACTION', status='SUCCESS', ipAddress='192.168.1.5', details='Details 5'}
[AUDIT] AuditLog{timestamp=2026-05-02T10:16:58.046150100, username='user2', action='ACTION', status='SUCCESS', ipAddress='192.168.1.2', details='Details 2'}
[AUDIT] AuditLog{timestamp=2026-05-02T10:16:58.047152700, username='user3', action='ACTION', status='SUCCESS', ipAddress='192.168.1.3', details='Details 3'}
[AUDIT] AuditLog{timestamp=2026-05-02T10:16:58.048554700, username='user4', action='ACTION', status='SUCCESS', ipAddress='192.168.1.4', details='Details 4'}
[AUDIT] AuditLog{timestamp=2026-05-02T10:16:58.050582200, username='user1', action='ACTION', status='SUCCESS', ipAddress='192.168.1.1', details='Details 1'}
]]></system-out>
  </testcase>
  <testcase name="testCreateFileIfNotExists" classname="com.prolifics.mfa.util.AuditLoggerTest" time="0.01">
    <system-out><![CDATA[[AUDIT] AuditLog{timestamp=2026-05-02T10:16:58.066402200, username='test', action='ACTION', status='SUCCESS', ipAddress='192.168.1.1', details='Test'}
]]></system-out>
  </testcase>
  <testcase name="testLogLogout" classname="com.prolifics.mfa.util.AuditLoggerTest" time="0.007">
    <system-out><![CDATA[[AUDIT] AuditLog{timestamp=2026-05-02T10:16:58.074188900, username='john.smith', action='LOGOUT', status='SUCCESS', ipAddress='192.168.1.100', details='User logged out'}
]]></system-out>
  </testcase>
  <testcase name="testLogLoginAttempt" classname="com.prolifics.mfa.util.AuditLoggerTest" time="0.005">
    <system-out><![CDATA[[AUDIT] AuditLog{timestamp=2026-05-02T10:16:58.080687700, username='john.smith', action='LOGIN_SUCCESS', status='SUCCESS', ipAddress='192.168.1.100', details='Valid credentials'}
]]></system-out>
  </testcase>
  <testcase name="testEmptyDetails" classname="com.prolifics.mfa.util.AuditLoggerTest" time="0.007">
    <system-out><![CDATA[[AUDIT] AuditLog{timestamp=2026-05-02T10:16:58.086742300, username='john.smith', action='LOGIN_ATTEMPT', status='SUCCESS', ipAddress='192.168.1.100', details=''}
]]></system-out>
  </testcase>
  <testcase name="testNullDetails" classname="com.prolifics.mfa.util.AuditLoggerTest" time="0.006">
    <system-out><![CDATA[[AUDIT] AuditLog{timestamp=2026-05-02T10:16:58.093535800, username='john.smith', action='LOGIN_ATTEMPT', status='SUCCESS', ipAddress='192.168.1.100', details='null'}
]]></system-out>
  </testcase>
  <testcase name="testLogMFAVerificationSuccess" classname="com.prolifics.mfa.util.AuditLoggerTest" time="0.006">
    <system-out><![CDATA[[AUDIT] AuditLog{timestamp=2026-05-02T10:16:58.098892400, username='john.smith', action='MFA_VERIFY_SUCCESS', status='SUCCESS', ipAddress='192.168.1.100', details='Valid TOTP code'}
]]></system-out>
  </testcase>
  <testcase name="testLogEntry" classname="com.prolifics.mfa.util.AuditLoggerTest" time="0.006">
    <system-out><![CDATA[[AUDIT] AuditLog{timestamp=2026-05-02T10:16:58.106051600, username='john.smith', action='LOGIN_ATTEMPT', status='SUCCESS', ipAddress='192.168.1.100', details='Valid credentials'}
]]></system-out>
  </testcase>
  <testcase name="testLogMFAVerificationFailure" classname="com.prolifics.mfa.util.AuditLoggerTest" time="0.005">
    <system-out><![CDATA[[AUDIT] AuditLog{timestamp=2026-05-02T10:16:58.111659500, username='john.smith', action='MFA_VERIFY_FAILED', status='FAILED', ipAddress='192.168.1.100', details='Invalid TOTP code'}
]]></system-out>
  </testcase>
  <testcase name="testCreateAuditLogFile" classname="com.prolifics.mfa.util.AuditLoggerTest" time="0.005"/>
  <testcase name="testLongDetails" classname="com.prolifics.mfa.util.AuditLoggerTest" time="0.006">
    <system-out><![CDATA[[AUDIT] AuditLog{timestamp=2026-05-02T10:16:58.123987900, username='john.smith', action='LOGIN_ATTEMPT', status='SUCCESS', ipAddress='192.168.1.100', details='AAAAAAAAAAAAAAAAAAAAAAAAAAAAAAAAAAAAAAAAAAAAAAAAAAAAAAAAAAAAAAAAAAAAAAAAAAAAAAAAAAAAAAAAAAAAAAAAAAAAAAAAAAAAAAAAAAAAAAAAAAAAAAAAAAAAAAAAAAAAAAAAAAAAAAAAAAAAAAAAAAAAAAAAAAAAAAAAAAAAAAAAAAAAAAAAAAAAAAAAAAAAAAAAAAAAAAAAAAAAAAAAAAAAAAAAAAAAAAAAAAAAAAAAAAAAAAAAAAAAAAAAAAAAAAAAAAAAAAAAAAAAAAAAAAAAAAAAAAAAAAAAAAAAAAAAAAAAAAAAAAAAAAAAAAAAAAAAAAAAAAAAAAAAAAAAAAAAAAAAAAAAAAAAAAAAAAAAAAAAAAAAAAAAAAAAAAAAAAAAAAAAAAAAAAAAAAAAAAAAAAAAAAAAAAAAAAAAAAAAAAAAAAAAAAAAAAAAAAAAAAAAAAAAAAAAAAAAAAAAAAAAAAAAAAAAAAAAAAAA'}
]]></system-out>
  </testcase>
  <testcase name="testSpecialCharactersInDetails" classname="com.prolifics.mfa.util.AuditLoggerTest" time="0.006">
    <system-out><![CDATA[[AUDIT] AuditLog{timestamp=2026-05-02T10:16:58.130669800, username='john.smith', action='LOGIN_ATTEMPT', status='SUCCESS', ipAddress='192.168.1.100', details='Details with, comma and "quotes"'}
]]></system-out>
  </testcase>
  <testcase name="testEmptyAuditLog" classname="com.prolifics.mfa.util.AuditLoggerTest" time="0.005"/>
  <testcase name="testMultipleEntries" classname="com.prolifics.mfa.util.AuditLoggerTest" time="0.007">
    <system-out><![CDATA[[AUDIT] AuditLog{timestamp=2026-05-02T10:16:58.141704700, username='user1', action='ACTION1', status='SUCCESS', ipAddress='192.168.1.1', details='Details 1'}
[AUDIT] AuditLog{timestamp=2026-05-02T10:16:58.143233800, username='user2', action='ACTION2', status='FAILED', ipAddress='192.168.1.2', details='Details 2'}
[AUDIT] AuditLog{timestamp=2026-05-02T10:16:58.144238100, username='user3', action='ACTION3', status='SUCCESS', ipAddress='192.168.1.3', details='Details 3'}
]]></system-out>
  </testcase>
  <testcase name="testIPAddressFormats" classname="com.prolifics.mfa.util.AuditLoggerTest" time="0.008">
    <system-out><![CDATA[[AUDIT] AuditLog{timestamp=2026-05-02T10:16:58.151517900, username='user1', action='ACTION', status='SUCCESS', ipAddress='192.168.1.100', details='IPv4'}
[AUDIT] AuditLog{timestamp=2026-05-02T10:16:58.152514500, username='user2', action='ACTION', status='SUCCESS', ipAddress='2001:0db8:85a3:0000:0000:8a2e:0370:7334', details='IPv6'}
[AUDIT] AuditLog{timestamp=2026-05-02T10:16:58.153512400, username='user3', action='ACTION', status='SUCCESS', ipAddress='unknown', details='Unknown IP'}
]]></system-out>
  </testcase>
  <testcase name="testChronologicalOrder" classname="com.prolifics.mfa.util.AuditLoggerTest" time="0.039">
    <system-out><![CDATA[[AUDIT] AuditLog{timestamp=2026-05-02T10:16:58.159491400, username='user1', action='ACTION1', status='SUCCESS', ipAddress='192.168.1.1', details='First'}
[AUDIT] AuditLog{timestamp=2026-05-02T10:16:58.177560100, username='user2', action='ACTION2', status='SUCCESS', ipAddress='192.168.1.2', details='Second'}
[AUDIT] AuditLog{timestamp=2026-05-02T10:16:58.193096300, username='user3', action='ACTION3', status='SUCCESS', ipAddress='192.168.1.3', details='Third'}
]]></system-out>
  </testcase>
  <testcase name="testNullUsername" classname="com.prolifics.mfa.util.AuditLoggerTest" time="0.005"/>
  <testcase name="testNullAction" classname="com.prolifics.mfa.util.AuditLoggerTest" time="0.004"/>
  <testcase name="testNullIPAddress" classname="com.prolifics.mfa.util.AuditLoggerTest" time="0.005"/>
  <testcase name="testGetAuditLogs" classname="com.prolifics.mfa.util.AuditLoggerTest" time="0.007">
    <system-out><![CDATA[[AUDIT] AuditLog{timestamp=2026-05-02T10:16:58.216786500, username='user1', action='ACTION1', status='SUCCESS', ipAddress='192.168.1.1', details='Details 1'}
[AUDIT] AuditLog{timestamp=2026-05-02T10:16:58.217959500, username='user2', action='ACTION2', status='FAILED', ipAddress='192.168.1.2', details='Details 2'}
]]></system-out>
  </testcase>
  <testcase name="testNullStatus" classname="com.prolifics.mfa.util.AuditLoggerTest" time="0.005"/>
  <testcase name="testLogFailedLoginAttempt" classname="com.prolifics.mfa.util.AuditLoggerTest" time="0.003">
    <system-out><![CDATA[[AUDIT] AuditLog{timestamp=2026-05-02T10:16:58.230614800, username='john.smith', action='LOGIN_FAILED', status='FAILED', ipAddress='192.168.1.100', details='Invalid credentials'}
]]></system-out>
  </testcase>
  <testcase name="testUnicodeCharacters" classname="com.prolifics.mfa.util.AuditLoggerTest" time="0.005">
    <system-out><![CDATA[[AUDIT] AuditLog{timestamp=2026-05-02T10:16:58.236345300, username='用户', action='LOGIN_ATTEMPT', status='SUCCESS', ipAddress='192.168.1.100', details='详细信息'}
]]></system-out>
  </testcase>
  <testcase name="testLogMFASetup" classname="com.prolifics.mfa.util.AuditLoggerTest" time="0.007">
    <system-out><![CDATA[[AUDIT] AuditLog{timestamp=2026-05-02T10:16:58.242822, username='john.smith', action='MFA_SETUP', status='SUCCESS', ipAddress='192.168.1.100', details='MFA setup initiated - QR code generated'}
]]></system-out>
  </testcase>
  <testcase name="testCSVParsing" classname="com.prolifics.mfa.util.AuditLoggerTest" time="0.005">
    <system-out><![CDATA[[AUDIT] AuditLog{timestamp=2026-05-02T10:16:58.249196900, username='john.smith', action='LOGIN_ATTEMPT', status='SUCCESS', ipAddress='192.168.1.100', details='Valid credentials'}
]]></system-out>
  </testcase>
</testsuite>