<?xml version="1.0" encoding="UTF-8"?>
<testsuite xmlns:xsi="http://www.w3.org/2001/XMLSchema-instance" xsi:noNamespaceSchemaLocation="https://maven.apache.org/surefire/maven-surefire-plugin/xsd/surefire-test-report-3.0.xsd" version="3.0" name="com.prolifics.mfa.util.AuditLoggerTest" time="4.494" tests="26" errors="0" skipped="0" failures="0">
  <properties>
[...]
</properties>
  <testcase name="testTimestampFormat" classname="com.prolifics.mfa.util.AuditLoggerTest" time="0.582">
    <system-out><![CDATA[[AUDIT] AuditLog{timestamp=2026-05-01T14:29:13.913554700, username='john.smith', action='LOGIN_ATTEMPT', status='SUCCESS', ipAddress='192.168.1.100', details='Test'}
]]></system-out>
  </testcase>
  <testcase name="testConcurrentWrites" classname="com.prolifics.mfa.util.AuditLoggerTest" time="0.31">
    <system-out><![CDATA[[AUDIT] AuditLog{timestamp=2026-05-01T14:29:14.214146400, username='user0', action='ACTION', status='SUCCESS', ipAddress='192.168.1.0', details='Details 0'}
[AUDIT] AuditLog{timestamp=2026-05-01T14:29:14.217150400, username='user7', action='ACTION', status='SUCCESS', ipAddress='192.168.1.7', details='Details 7'}
[AUDIT] AuditLog{timestamp=2026-05-01T14:29:14.220146900, username='user4', action='ACTION', status='SUCCESS', ipAddress='192.168.1.4', details='Details 4'}
[AUDIT] AuditLog{timestamp=2026-05-01T14:29:14.227153300, username='user5', action='ACTION', status='SUCCESS', ipAddress='192.168.1.5', details='Details 5'}
[AUDIT] AuditLog{timestamp=2026-05-01T14:29:14.231147400, username='user3', action='ACTION', status='SUCCESS', ipAddress='192.168.1.3', details='Details 3'}
[AUDIT] AuditLog{timestamp=2026-05-01T14:29:14.234146, username='user1', action='ACTION', status='SUCCESS', ipAddress='192.168.1.1', details='Details 1'}
[AUDIT] AuditLog{timestamp=2026-05-01T14:29:14.236147300, username='user2', action='ACTION', status='SUCCESS', ipAddress='192.168.1.2', details='Details 2'}
[AUDIT] AuditLog{timestamp=2026-05-01T14:29:14.240147400, username='user9', action='ACTION', status='SUCCESS', ipAddress='192.168.1.9', details='Details 9'}
[AUDIT] AuditLog{timestamp=2026-05-01T14:29:14.289146400, username='user8', action='ACTION', status='SUCCESS', ipAddress='192.168.1.8', details='Details 8'}
[AUDIT] AuditLog{timestamp=2026-05-01T14:29:14.301151200, username='user6', action='ACTION', status='SUCCESS', ipAddress='192.168.1.6', details='Details 6'}
]]></system-out>
  </testcase>
  <testcase name="testCreateFileIfNotExists" classname="com.prolifics.mfa.util.AuditLoggerTest" time="0.041">
    <system-out><![CDATA[[AUDIT] AuditLog{timestamp=2026-05-01T14:29:14.477148200, username='test', action='ACTION', status='SUCCESS', ipAddress='192.168.1.1', details='Test'}
]]></system-out>
  </testcase>
  <testcase name="testLogLogout" classname="com.prolifics.mfa.util.AuditLoggerTest" time="0.174">
    <system-out><![CDATA[[AUDIT] AuditLog{timestamp=2026-05-01T14:29:14.653650800, username='john.smith', action='LOGOUT', status='SUCCESS', ipAddress='192.168.1.100', details='User logged out'}
]]></system-out>
  </testcase>
  <testcase name="testLogLoginAttempt" classname="com.prolifics.mfa.util.AuditLoggerTest" time="0.023">
    <system-out><![CDATA[[AUDIT] AuditLog{timestamp=2026-05-01T14:29:14.685517400, username='john.smith', action='LOGIN_SUCCESS', status='SUCCESS', ipAddress='192.168.1.100', details='Valid credentials'}
]]></system-out>
  </testcase>
  <testcase name="testEmptyDetails" classname="com.prolifics.mfa.util.AuditLoggerTest" time="0.049">
    <system-out><![CDATA[[AUDIT] AuditLog{timestamp=2026-05-01T14:29:14.745629900, username='john.smith', action='LOGIN_ATTEMPT', status='SUCCESS', ipAddress='192.168.1.100', details=''}
]]></system-out>
  </testcase>
  <testcase name="testNullDetails" classname="com.prolifics.mfa.util.AuditLoggerTest" time="0.016">
    <system-out><![CDATA[[AUDIT] AuditLog{timestamp=2026-05-01T14:29:14.764213100, username='john.smith', action='LOGIN_ATTEMPT', status='SUCCESS', ipAddress='192.168.1.100', details='null'}
]]></system-out>
  </testcase>
  <testcase name="testLogMFAVerificationSuccess" classname="com.prolifics.mfa.util.AuditLoggerTest" time="0.074">
    <system-out><![CDATA[[AUDIT] AuditLog{timestamp=2026-05-01T14:29:14.835027100, username='john.smith', action='MFA_VERIFY_SUCCESS', status='SUCCESS', ipAddress='192.168.1.100', details='Valid TOTP code'}
]]></system-out>
  </testcase>
  <testcase name="testLogEntry" classname="com.prolifics.mfa.util.AuditLoggerTest" time="0.041">
    <system-out><![CDATA[[AUDIT] AuditLog{timestamp=2026-05-01T14:29:14.866638800, username='john.smith', action='LOGIN_ATTEMPT', status='SUCCESS', ipAddress='192.168.1.100', details='Valid credentials'}
]]></system-out>
  </testcase>
  <testcase name="testLogMFAVerificationFailure" classname="com.prolifics.mfa.util.AuditLoggerTest" time="0.036">
    <system-out><![CDATA[[AUDIT] AuditLog{timestamp=2026-05-01T14:29:14.917641100, username='john.smith', action='MFA_VERIFY_FAILED', status='FAILED', ipAddress='192.168.1.100', details='Invalid TOTP code'}
]]></system-out>
  </testcase>
  <testcase name="testCreateAuditLogFile" classname="com.prolifics.mfa.util.AuditLoggerTest" time="0.024"/>
  <testcase name="testLongDetails" classname="com.prolifics.mfa.util.AuditLoggerTest" time="0.146">
    <system-out><![CDATA[[AUDIT] AuditLog{timestamp=2026-05-01T14:29:15.050804200, username='john.smith', action='LOGIN_ATTEMPT', status='SUCCESS', ipAddress='192.168.1.100', details='AAAAAAAAAAAAAAAAAAAAAAAAAAAAAAAAAAAAAAAAAAAAAAAAAAAAAAAAAAAAAAAAAAAAAAAAAAAAAAAAAAAAAAAAAAAAAAAAAAAAAAAAAAAAAAAAAAAAAAAAAAAAAAAAAAAAAAAAAAAAAAAAAAAAAAAAAAAAAAAAAAAAAAAAAAAAAAAAAAAAAAAAAAAAAAAAAAAAAAAAAAAAAAAAAAAAAAAAAAAAAAAAAAAAAAAAAAAAAAAAAAAAAAAAAAAAAAAAAAAAAAAAAAAAAAAAAAAAAAAAAAAAAAAAAAAAAAAAAAAAAAAAAAAAAAAAAAAAAAAAAAAAAAAAAAAAAAAAAAAAAAAAAAAAAAAAAAAAAAAAAAAAAAAAAAAAAAAAAAAAAAAAAAAAAAAAAAAAAAAAAAAAAAAAAAAAAAAAAAAAAAAAAAAAAAAAAAAAAAAAAAAAAAAAAAAAAAAAAAAAAAAAAAAAAAAAAAAAAAAAAAAAAAAAAAAAAAAAAAAA'}
]]></system-out>
  </testcase>
  <testcase name="testSpecialCharactersInDetails" classname="com.prolifics.mfa.util.AuditLoggerTest" time="0.016">
    <system-out><![CDATA[[AUDIT] AuditLog{timestamp=2026-05-01T14:29:15.112327700, username='john.smith', action='LOGIN_ATTEMPT', status='SUCCESS', ipAddress='192.168.1.100', details='Details with, comma and "quotes"'}
]]></system-out>
  </testcase>
  <testcase name="testEmptyAuditLog" classname="com.prolifics.mfa.util.AuditLoggerTest" time="0.088"/>
  <testcase name="testMultipleEntries" classname="com.prolifics.mfa.util.AuditLoggerTest" time="0.025">
    <system-out><![CDATA[[AUDIT] AuditLog{timestamp=2026-05-01T14:29:15.218327400, username='user1', action='ACTION1', status='SUCCESS', ipAddress='192.168.1.1', details='Details 1'}
[AUDIT] AuditLog{timestamp=2026-05-01T14:29:15.221328400, username='user2', action='ACTION2', status='FAILED', ipAddress='192.168.1.2', details='Details 2'}
[AUDIT] AuditLog{timestamp=2026-05-01T14:29:15.227325700, username='user3', action='ACTION3', status='SUCCESS', ipAddress='192.168.1.3', details='Details 3'}
]]></system-out>
  </testcase>
  <testcase name="testIPAddressFormats" classname="com.prolifics.mfa.util.AuditLoggerTest" time="0.072">
    <system-out><![CDATA[[AUDIT] AuditLog{timestamp=2026-05-01T14:29:15.330330900, username='user1', action='ACTION', status='SUCCESS', ipAddress='192.168.1.100', details='IPv4'}
[AUDIT] AuditLog{timestamp=2026-05-01T14:29:15.333328800, username='user2', action='ACTION', status='SUCCESS', ipAddress='2001:0db8:85a3:0000:0000:8a2e:0370:7334', details='IPv6'}
[AUDIT] AuditLog{timestamp=2026-05-01T14:29:15.336327500, username='user3', action='ACTION', status='SUCCESS', ipAddress='unknown', details='Unknown IP'}
]]></system-out>
  </testcase>
  <testcase name="testChronologicalOrder" classname="com.prolifics.mfa.util.AuditLoggerTest" time="0.876">
    <system-out><![CDATA[[AUDIT] AuditLog{timestamp=2026-05-01T14:29:15.369326400, username='user1', action='ACTION1', status='SUCCESS', ipAddress='192.168.1.1', details='First'}
[AUDIT] AuditLog{timestamp=2026-05-01T14:29:15.775327800, username='user2', action='ACTION2', status='SUCCESS', ipAddress='192.168.1.2', details='Second'}
[AUDIT] AuditLog{timestamp=2026-05-01T14:29:16.068328200, username='user3', action='ACTION3', status='SUCCESS', ipAddress='192.168.1.3', details='Third'}
]]></system-out>
  </testcase>
  <testcase name="testNullUsername" classname="com.prolifics.mfa.util.AuditLoggerTest" time="0.01"/>
  <testcase name="testNullAction" classname="com.prolifics.mfa.util.AuditLoggerTest" time="0.138"/>
  <testcase name="testNullIPAddress" classname="com.prolifics.mfa.util.AuditLoggerTest" time="0.212"/>
  <testcase name="testGetAuditLogs" classname="com.prolifics.mfa.util.AuditLoggerTest" time="0.325">
    <system-out><![CDATA[[AUDIT] AuditLog{timestamp=2026-05-01T14:29:16.695856700, username='user1', action='ACTION1', status='SUCCESS', ipAddress='192.168.1.1', details='Details 1'}
[AUDIT] AuditLog{timestamp=2026-05-01T14:29:16.699854300, username='user2', action='ACTION2', status='FAILED', ipAddress='192.168.1.2', details='Details 2'}
]]></system-out>
  </testcase>
  <testcase name="testNullStatus" classname="com.prolifics.mfa.util.AuditLoggerTest" time="0.284"/>
  <testcase name="testLogFailedLoginAttempt" classname="com.prolifics.mfa.util.AuditLoggerTest" time="0.067">
    <system-out><![CDATA[[AUDIT] AuditLog{timestamp=2026-05-01T14:29:17.262004200, username='john.smith', action='LOGIN_FAILED', status='FAILED', ipAddress='192.168.1.100', details='Invalid credentials'}
]]></system-out>
  </testcase>
  <testcase name="testUnicodeCharacters" classname="com.prolifics.mfa.util.AuditLoggerTest" time="0.457">
    <system-out><![CDATA[[AUDIT] AuditLog{timestamp=2026-05-01T14:29:17.715008600, username='用户', action='LOGIN_ATTEMPT', status='SUCCESS', ipAddress='192.168.1.100', details='详细信息'}
]]></system-out>
  </testcase>
  <testcase name="testLogMFASetup" classname="com.prolifics.mfa.util.AuditLoggerTest" time="0.179">
    <system-out><![CDATA[[AUDIT] AuditLog{timestamp=2026-05-01T14:29:17.811072, username='john.smith', action='MFA_SETUP', status='SUCCESS', ipAddress='192.168.1.100', details='MFA setup initiated - QR code generated'}
]]></system-out>
  </testcase>
  <testcase name="testCSVParsing" classname="com.prolifics.mfa.util.AuditLoggerTest" time="0.071">
    <system-out><![CDATA[[AUDIT] AuditLog{timestamp=2026-05-01T14:29:17.965131200, username='john.smith', action='LOGIN_ATTEMPT', status='SUCCESS', ipAddress='192.168.1.100', details='Valid credentials'}
]]></system-out>
  </testcase>
</testsuite>